<testsuites name="ROCC Unit Tests">
</testsuites>